<?xml version="1.0" encoding="UTF-8"?>
<testsuite xmlns:xsi="http://www.w3.org/2001/XMLSchema-instance" xsi:noNamespaceSchemaLocation="https://maven.apache.org/surefire/maven-surefire-plugin/xsd/surefire-test-report-3.0.xsd" version="3.0" name="com.nwd.mapper.UserMapperTest" time="0.468" tests="5" errors="0" skipped="0" failures="0">
  <properties>
[...]
</properties>
  <testcase name="selectList" classname="com.nwd.mapper.UserMapperTest" time="0.087">
    <system-out><![CDATA[2023-11-17T14:37:04.181+08:00  INFO 9668 --- [           main] t.c.s.AnnotationConfigContextLoaderUtils : Could not detect default configuration classes for test class [com.nwd.mapper.UserMapperTest]: UserMapperTest does not declare any static, non-private, non-final, nested classes annotated with @Configuration.
2023-11-17T14:37:04.183+08:00  INFO 9668 --- [           main] .b.t.c.SpringBootTestContextBootstrapper : Found @SpringBootConfiguration com.nwd.App for test class com.nwd.mapper.UserMapperTest
Creating a new SqlSession
SqlSession [org.apache.ibatis.session.defaults.DefaultSqlSession@3bda1f0] was not registered for synchronization because synchronization is not active
JDBC Connection [HikariProxyConnection@1216741689 wrapping com.mysql.cj.jdbc.ConnectionImpl@a6fc1bc] will not be managed by Spring
==>  Preparing: SELECT id,username,password,imgurl,mg_state,fullname,mobile,email,memorySize FROM nwd_user
==> Parameters: 
<==    Columns: id, username, password, imgurl, mg_state, fullname, mobile, email, memorySize
<==        Row: 1, admin, E10ADC3949BA59ABBE56E057F20F883E, tx.jpg, 0, 张仪, 18592079453, zhangyi@gmail.com, 1
<==        Row: 2, 823653443, E10ADC3949BA59ABBE56E057F20F883E, tx.jpg, 0, 李斯, 18592079653, lisi@gmail.com, 1
<==        Row: 3, SQ8914, E10ADC3949BA59ABBE56E057F20F883E, null, 0, 苏秦, 18592099453, suqing@gmail.com, 1
<==        Row: 4, PJ8888, E10ADC3949BA59ABBE56E057F20F883E, logo.png, 1, 庞涓, 18592099453, pangjuan@gmail.com, 1
<==        Row: 1724801362308403202, yingzheng, E10ADC3949BA59ABBE56E057F20F883E, tx.jpg, 0, 嬴政, 18597029453, yingzheng@gmail.com, 1
<==      Total: 5
Closing non transactional SqlSession [org.apache.ibatis.session.defaults.DefaultSqlSession@3bda1f0]
User{id=1, username='admin', password='E10ADC3949BA59ABBE56E057F20F883E', imgurl='tx.jpg', mg_state=0, fullname='张仪', mobile='18592079453', email='zhangyi@gmail.com', memorySize=1}
User{id=2, username='823653443', password='E10ADC3949BA59ABBE56E057F20F883E', imgurl='tx.jpg', mg_state=0, fullname='李斯', mobile='18592079653', email='lisi@gmail.com', memorySize=1}
User{id=3, username='SQ8914', password='E10ADC3949BA59ABBE56E057F20F883E', imgurl='null', mg_state=0, fullname='苏秦', mobile='18592099453', email='suqing@gmail.com', memorySize=1}
User{id=4, username='PJ8888', password='E10ADC3949BA59ABBE56E057F20F883E', imgurl='logo.png', mg_state=0, fullname='庞涓', mobile='18592099453', email='pangjuan@gmail.com', memorySize=1}
User{id=1724801362308403202, username='yingzheng', password='E10ADC3949BA59ABBE56E057F20F883E', imgurl='tx.jpg', mg_state=0, fullname='嬴政', mobile='18597029453', email='yingzheng@gmail.com', memorySize=1}
]]></system-out>
  </testcase>
  <testcase name="selectPage" classname="com.nwd.mapper.UserMapperTest" time="0.144">
    <system-out><![CDATA[Creating a new SqlSession
SqlSession [org.apache.ibatis.session.defaults.DefaultSqlSession@3a7d914c] was not registered for synchronization because synchronization is not active
JDBC Connection [HikariProxyConnection@314374086 wrapping com.mysql.cj.jdbc.ConnectionImpl@a6fc1bc] will not be managed by Spring
==>  Preparing: SELECT COUNT(*) AS total FROM nwd_user
==> Parameters: 
<==    Columns: total
<==        Row: 5
<==      Total: 1
==>  Preparing: SELECT id,username,password,imgurl,mg_state,fullname,mobile,email,memorySize FROM nwd_user LIMIT ?,?
==> Parameters: 2(Long), 2(Long)
<==    Columns: id, username, password, imgurl, mg_state, fullname, mobile, email, memorySize
<==        Row: 3, SQ8914, E10ADC3949BA59ABBE56E057F20F883E, null, 0, 苏秦, 18592099453, suqing@gmail.com, 1
<==        Row: 4, PJ8888, E10ADC3949BA59ABBE56E057F20F883E, logo.png, 1, 庞涓, 18592099453, pangjuan@gmail.com, 1
<==      Total: 2
Closing non transactional SqlSession [org.apache.ibatis.session.defaults.DefaultSqlSession@3a7d914c]
总页数3
总记录数5
User{id=3, username='SQ8914', password='E10ADC3949BA59ABBE56E057F20F883E', imgurl='null', mg_state=0, fullname='苏秦', mobile='18592099453', email='suqing@gmail.com', memorySize=1}
User{id=4, username='PJ8888', password='E10ADC3949BA59ABBE56E057F20F883E', imgurl='logo.png', mg_state=0, fullname='庞涓', mobile='18592099453', email='pangjuan@gmail.com', memorySize=1}
]]></system-out>
  </testcase>
  <testcase name="zdyQuery" classname="com.nwd.mapper.UserMapperTest" time="0.044">
    <system-out><![CDATA[Creating a new SqlSession
SqlSession [org.apache.ibatis.session.defaults.DefaultSqlSession@98712fa] was not registered for synchronization because synchronization is not active
JDBC Connection [HikariProxyConnection@1630046228 wrapping com.mysql.cj.jdbc.ConnectionImpl@a6fc1bc] will not be managed by Spring
==>  Preparing: SELECT id, username,password, imgurl, mg_state, fullname, mobile, email, memorySize from nwd_user where 1 = 1 AND id = ?
==> Parameters: 1724779428413734915(Long)
<==      Total: 0
Closing non transactional SqlSession [org.apache.ibatis.session.defaults.DefaultSqlSession@98712fa]
null
]]></system-out>
  </testcase>
  <testcase name="insertTest" classname="com.nwd.mapper.UserMapperTest" time="0.089">
    <system-out><![CDATA[Creating a new SqlSession
SqlSession [org.apache.ibatis.session.defaults.DefaultSqlSession@6669cba] was not registered for synchronization because synchronization is not active
JDBC Connection [HikariProxyConnection@937840183 wrapping com.mysql.cj.jdbc.ConnectionImpl@a6fc1bc] will not be managed by Spring
==>  Preparing: INSERT INTO nwd_user ( id, username, password, imgurl, mg_state, fullname, mobile, email, memorySize ) VALUES ( ?, ?, ?, ?, ?, ?, ?, ?, ? )
==> Parameters: 1725402656815509506(Long), yingzheng(String), qwerutit123456(String), tx.jpg(String), 0(Integer), 嬴政(String), 18597029453(String), yingzheng@gmail.com(String), 1(Integer)
<==    Updates: 1
Closing non transactional SqlSession [org.apache.ibatis.session.defaults.DefaultSqlSession@6669cba]
result:1
]]></system-out>
  </testcase>
  <testcase name="deleteTest" classname="com.nwd.mapper.UserMapperTest" time="0.089">
    <system-out><![CDATA[Creating a new SqlSession
SqlSession [org.apache.ibatis.session.defaults.DefaultSqlSession@32298473] was not registered for synchronization because synchronization is not active
JDBC Connection [HikariProxyConnection@749524318 wrapping com.mysql.cj.jdbc.ConnectionImpl@a6fc1bc] will not be managed by Spring
==>  Preparing: DELETE FROM nwd_user WHERE (username = ?)
==> Parameters: yingzheng(String)
<==    Updates: 2
Closing non transactional SqlSession [org.apache.ibatis.session.defaults.DefaultSqlSession@32298473]
2
]]></system-out>
  </testcase>
</testsuite>